<?xml version="1.0" encoding="UTF-8"?>
<testsuite xmlns:xsi="http://www.w3.org/2001/XMLSchema-instance" xsi:noNamespaceSchemaLocation="https://maven.apache.org/surefire/maven-surefire-plugin/xsd/surefire-test-report-3.0.xsd" version="3.0" name="TestSuite" time="7.252" tests="3" errors="0" skipped="0" failures="3">
  <properties>
[...]
</properties>
  <testcase name="test_account_Registration" classname="testCase.TC_001_AccountRegistration" time="0.579">
    <failure message="null" type="java.lang.AssertionError"><![CDATA[java.lang.AssertionError: null
	at testCase.TC_001_AccountRegistration.test_account_Registration(TC_001_AccountRegistration.java:81)
]]></failure>
    <system-out><![CDATA[[TestNGContentHandler] [WARN] It is strongly recommended to add "<!DOCTYPE suite SYSTEM "https://testng.org/testng-1.0.dtd" >" at the top of the suite file [C:\Users\amirh\Desktop\SeleniumDriver\OpenCart_AutomationFramework\grouping.xml] otherwise TestNG may fail or not work as expected.
11:25:25.420 [TestNG-tests-1] ERROR testCase.TC_001_AccountRegistration - Account registration Failed
]]></system-out>
    <system-err><![CDATA[SLF4J: Failed to load class "org.slf4j.impl.StaticLoggerBinder".
SLF4J: Defaulting to no-operation (NOP) logger implementation
SLF4J: See http://www.slf4j.org/codes.html#StaticLoggerBinder for further details.
Starting MSEdgeDriver 97.0.1072.69 (2e09adf9a2322c00eb55f4bf58341833b1c16627) on port 9410
Only local connections are allowed.
Please see https://chromedriver.chromium.org/security-considerations for suggestions on keeping MSEdgeDriver safe.
Starting ChromeDriver 97.0.4692.71 (adefa7837d02a07a604c1e6eff0b3a09422ab88d-refs/branch-heads/4692@{#1247}) on port 26080
Only local connections are allowed.
Please see https://chromedriver.chromium.org/security-considerations for suggestions on keeping ChromeDriver safe.
ChromeDriver was started successfully.
1643300723606	geckodriver	INFO	Listening on 127.0.0.1:16869
1643300724111	mozrunner::runner	INFO	Running command: "C:\\Program Files\\Mozilla Firefox\\firefox.exe" "--marionette" "-no-remote" "-profile" "C:\\Users\\amirh\\AppData\\Local\\Temp\\rust_mozprofileglEI4a"
MSEdgeDriver was started successfully.
Jan 27, 2022 11:25:24 AM org.openqa.selenium.remote.ProtocolHandshake createSession
INFO: Detected dialect: W3C
1643300725243	Marionette	INFO	Marionette enabled
]]></system-err>
  </testcase>
  <testcase name="test_account_Registration" classname="testCase.TC_001_AccountRegistration" time="0.178">
    <failure message="null" type="java.lang.AssertionError"><![CDATA[java.lang.AssertionError: null
	at testCase.TC_001_AccountRegistration.test_account_Registration(TC_001_AccountRegistration.java:81)
]]></failure>
    <system-out><![CDATA[11:25:26.556 [TestNG-tests-2] ERROR testCase.TC_001_AccountRegistration - Account registration Failed
]]></system-out>
    <system-err><![CDATA[Jan 27, 2022 11:25:26 AM org.openqa.selenium.remote.ProtocolHandshake createSession
INFO: Detected dialect: W3C
]]></system-err>
  </testcase>
  <testcase name="test_account_Registration" classname="testCase.TC_001_AccountRegistration" time="0.039">
    <failure message="null" type="java.lang.AssertionError"><![CDATA[java.lang.AssertionError: null
	at testCase.TC_001_AccountRegistration.test_account_Registration(TC_001_AccountRegistration.java:81)
]]></failure>
    <system-out><![CDATA[11:25:28.422 [TestNG-tests-3] ERROR testCase.TC_001_AccountRegistration - Account registration Failed
]]></system-out>
    <system-err><![CDATA[console.warn: SearchSettings: "get: No settings file exists, new profile?" (new NotFoundError("Could not open the file at C:\\Users\\amirh\\AppData\\Local\\Temp\\rust_mozprofileglEI4a\\search.json.mozlz4", (void 0)))
1643300728112	Marionette	INFO	Listening on port 7390
1643300728337	RemoteAgent	WARN	TLS certificate errors will be ignored for this session
Jan 27, 2022 11:25:28 AM org.openqa.selenium.remote.ProtocolHandshake createSession
INFO: Detected dialect: W3C
]]></system-err>
  </testcase>
</testsuite>